github.com/mager/bluedot/firestore/firestore.go:14:		ProvideFirestore	0.0%
github.com/mager/bluedot/firestore/firestore.go:82:		DatasetTypeValueToName	100.0%
github.com/mager/bluedot/firestore/firestore.go:95:		GetFeatureUUID		100.0%
github.com/mager/bluedot/firestore/firestore.go:110:		GetFirstCoordinate	100.0%
github.com/mager/bluedot/handler/datasets.go:54:		Pattern			0.0%
github.com/mager/bluedot/handler/datasets.go:59:		NewDatasetsHandler	0.0%
github.com/mager/bluedot/handler/delete_dataset.go:12:		deleteDataset		0.0%
github.com/mager/bluedot/handler/delete_features.go:18:		deleteFeatures		0.0%
github.com/mager/bluedot/handler/download_dataset_zip.go:16:	downloadDatasetZip	0.0%
github.com/mager/bluedot/handler/get_dataset.go:14:		getDataset		0.0%
github.com/mager/bluedot/handler/get_datasets.go:14:		getDatasets		0.0%
github.com/mager/bluedot/handler/get_shapefile_json.go:31:	getShapefileJSON	0.0%
github.com/mager/bluedot/handler/handler.go:26:			NewServeMux		0.0%
github.com/mager/bluedot/handler/handler.go:47:			New			0.0%
github.com/mager/bluedot/handler/handler.go:53:			registerRoutes		0.0%
github.com/mager/bluedot/handler/save_features.go:45:		saveFeatures		0.0%
github.com/mager/bluedot/handler/save_features.go:189:		GetPropertyName		100.0%
github.com/mager/bluedot/handler/save_features.go:206:		ProcessPolygons		100.0%
github.com/mager/bluedot/handler/sync_dataset.go:17:		syncDataset		0.0%
github.com/mager/bluedot/handler/sync_dataset.go:86:		parseGithubSource	0.0%
total:								(statements)		7.6%
